14-12-09 16:10:49 29242      NOTICE    Flow                 Locking site. Lock file: /home/gcopin/www/neos/demoneos/Data/Temporary/Production/Flow.lock
14-12-09 16:10:50 29242      INFO      Flow                 Aspect classes have been modified, flushing the whole proxy classes cache.
14-12-09 16:10:50 29242      INFO      Flow                 Domain model changes have been detected, triggering Doctrine 2 proxy rebuilding.
14-12-09 16:10:50 29242      INFO      Flow                 File Monitor "Flow_ClassFiles" detected 2239 changed files and 30 changed directories.
14-12-09 16:10:50 29242      INFO      Flow                 A configuration file matching the pattern "/Policy\.yaml/" has been changed, flushing related cache "Flow_Security_Policy"
14-12-09 16:10:50 29242      INFO      Flow                 A configuration file matching the pattern "/Views\.yaml/" has been changed, flushing related cache "Flow_Mvc_ViewConfigurations"
14-12-09 16:10:50 29242      INFO      Flow                 A configuration file matching the pattern "/Routes([^\/]*)\.yaml/" has been changed, flushing related cache "Flow_Mvc_Routing_FindMatchResults"
14-12-09 16:10:50 29242      INFO      Flow                 A configuration file matching the pattern "/Routes([^\/]*)\.yaml/" has been changed, flushing related cache "Flow_Mvc_Routing_Resolve"
14-12-09 16:10:50 29242      INFO      Flow                 The configuration has changed, triggering an AOP proxy class rebuild.
14-12-09 16:10:50 29242      INFO      Flow                 File Monitor "Flow_ConfigurationFiles" detected 70 changed files and 14 changed directories.
14-12-09 16:10:50 29242      INFO      Flow                 The localization files have changed, thus flushing the I18n XML model cache.
14-12-09 16:10:50 29242      INFO      Flow                 File Monitor "Flow_TranslationFiles" detected 10 changed files and 3 changed directories.
14-12-09 16:11:11 29242      INFO      Flow                 Reflected 1034 emerged classes.
14-12-09 16:11:13 29242      INFO      Flow                 Aspects have been modified, therefore rebuilding all target classes.
14-12-09 16:11:13 29242      NOTICE    Flow                 The argument "workspace" declared in pointcut does not exist in method TYPO3\Flow\Mvc\Controller\StandardController->indexAction
14-12-09 16:11:13 29242      NOTICE    Flow                 The argument "workspace" declared in pointcut does not exist in method TYPO3\Flow\Mvc\Controller\StandardController->indexAction
14-12-09 16:11:14 29242      NOTICE    Flow                 The argument "workspace" declared in pointcut does not exist in method TYPO3\Fluid\ViewHelpers\Widget\Controller\AutocompleteController->indexAction
14-12-09 16:11:14 29242      NOTICE    Flow                 The argument "workspace" declared in pointcut does not exist in method TYPO3\Fluid\ViewHelpers\Widget\Controller\AutocompleteController->indexAction
14-12-09 16:11:14 29242      NOTICE    Flow                 The argument "workspace" declared in pointcut does not exist in method TYPO3\Fluid\ViewHelpers\Widget\Controller\PaginateController->indexAction
14-12-09 16:11:14 29242      NOTICE    Flow                 The argument "workspace" declared in pointcut does not exist in method TYPO3\Fluid\ViewHelpers\Widget\Controller\PaginateController->indexAction
14-12-09 16:11:14 29242      NOTICE    Flow                 The argument "workspace" declared in pointcut does not exist in method TYPO3\Media\Controller\AssetController->indexAction
14-12-09 16:11:14 29242      NOTICE    Flow                 The argument "workspace" declared in pointcut does not exist in method TYPO3\Media\Controller\AssetController->indexAction
14-12-09 16:11:14 29242      NOTICE    Flow                 The argument "workspace" declared in pointcut does not exist in method TYPO3\NeosDemoTypo3Org\Controller\RegistrationController->indexAction
14-12-09 16:11:14 29242      NOTICE    Flow                 The argument "workspace" declared in pointcut does not exist in method TYPO3\NeosDemoTypo3Org\Controller\RegistrationController->indexAction
14-12-09 16:11:14 29242      NOTICE    Flow                 The argument "workspace" declared in pointcut does not exist in method TYPO3\Neos\Controller\Backend\BackendController->indexAction
14-12-09 16:11:14 29242      NOTICE    Flow                 The argument "workspace" declared in pointcut does not exist in method TYPO3\Neos\Controller\Backend\BackendController->indexAction
14-12-09 16:11:14 29242      NOTICE    Flow                 The argument "workspace" declared in pointcut does not exist in method TYPO3\Neos\Controller\Backend\ImageBrowserController->indexAction
14-12-09 16:11:14 29242      NOTICE    Flow                 The argument "workspace" declared in pointcut does not exist in method TYPO3\Neos\Controller\Backend\ImageBrowserController->indexAction
14-12-09 16:11:15 29242      NOTICE    Flow                 The argument "workspace" declared in pointcut does not exist in method TYPO3\Neos\Controller\Backend\MediaBrowserController->indexAction
14-12-09 16:11:15 29242      NOTICE    Flow                 The argument "workspace" declared in pointcut does not exist in method TYPO3\Neos\Controller\Backend\MediaBrowserController->indexAction
14-12-09 16:11:15 29242      NOTICE    Flow                 The argument "workspace" declared in pointcut does not exist in method TYPO3\Neos\Controller\Backend\MenuController->indexAction
14-12-09 16:11:15 29242      NOTICE    Flow                 The argument "workspace" declared in pointcut does not exist in method TYPO3\Neos\Controller\Backend\MenuController->indexAction
14-12-09 16:11:15 29242      NOTICE    Flow                 The argument "workspace" declared in pointcut does not exist in method TYPO3\Neos\Controller\Backend\ModuleController->indexAction
14-12-09 16:11:15 29242      NOTICE    Flow                 The argument "workspace" declared in pointcut does not exist in method TYPO3\Neos\Controller\Backend\ModuleController->indexAction
14-12-09 16:11:15 29242      NOTICE    Flow                 The argument "workspace" declared in pointcut does not exist in method TYPO3\Neos\Controller\LoginController->indexAction
14-12-09 16:11:15 29242      NOTICE    Flow                 The argument "workspace" declared in pointcut does not exist in method TYPO3\Neos\Controller\LoginController->indexAction
14-12-09 16:11:15 29242      NOTICE    Flow                 The argument "workspace" declared in pointcut does not exist in method TYPO3\Neos\Controller\Module\AbstractModuleController->indexAction
14-12-09 16:11:15 29242      NOTICE    Flow                 The argument "workspace" declared in pointcut does not exist in method TYPO3\Neos\Controller\Module\AbstractModuleController->indexAction
14-12-09 16:11:15 29242      NOTICE    Flow                 The argument "workspace" declared in pointcut does not exist in method TYPO3\Neos\Controller\Module\AdministrationController->indexAction
14-12-09 16:11:15 29242      NOTICE    Flow                 The argument "workspace" declared in pointcut does not exist in method TYPO3\Neos\Controller\Module\AdministrationController->indexAction
14-12-09 16:11:15 29242      NOTICE    Flow                 The argument "workspace" declared in pointcut does not exist in method TYPO3\Neos\Controller\Module\Administration\PackagesController->indexAction
14-12-09 16:11:15 29242      NOTICE    Flow                 The argument "workspace" declared in pointcut does not exist in method TYPO3\Neos\Controller\Module\Administration\PackagesController->indexAction
14-12-09 16:11:15 29242      NOTICE    Flow                 The argument "workspace" declared in pointcut does not exist in method TYPO3\Neos\Controller\Module\Administration\SitesController->indexAction
14-12-09 16:11:15 29242      NOTICE    Flow                 The argument "workspace" declared in pointcut does not exist in method TYPO3\Neos\Controller\Module\Administration\SitesController->indexAction
14-12-09 16:11:15 29242      NOTICE    Flow                 The argument "workspace" declared in pointcut does not exist in method TYPO3\Neos\Controller\Module\Administration\UsersController->indexAction
14-12-09 16:11:15 29242      NOTICE    Flow                 The argument "workspace" declared in pointcut does not exist in method TYPO3\Neos\Controller\Module\Administration\UsersController->indexAction
14-12-09 16:11:16 29242      NOTICE    Flow                 The argument "workspace" declared in pointcut does not exist in method TYPO3\Neos\Controller\Module\ManagementController->indexAction
14-12-09 16:11:16 29242      NOTICE    Flow                 The argument "workspace" declared in pointcut does not exist in method TYPO3\Neos\Controller\Module\ManagementController->indexAction
14-12-09 16:11:16 29242      NOTICE    Flow                 The argument "workspace" declared in pointcut does not exist in method TYPO3\Neos\Controller\Module\Management\AssetController->indexAction
14-12-09 16:11:16 29242      NOTICE    Flow                 The argument "workspace" declared in pointcut does not exist in method TYPO3\Neos\Controller\Module\Management\AssetController->indexAction
14-12-09 16:11:16 29242      NOTICE    Flow                 The argument "workspace" declared in pointcut does not exist in method TYPO3\Neos\Controller\Module\UserController->indexAction
14-12-09 16:11:16 29242      NOTICE    Flow                 The argument "workspace" declared in pointcut does not exist in method TYPO3\Neos\Controller\Module\UserController->indexAction
14-12-09 16:11:16 29242      NOTICE    Flow                 The argument "workspace" declared in pointcut does not exist in method TYPO3\Neos\Controller\Module\User\UserSettingsController->indexAction
14-12-09 16:11:16 29242      NOTICE    Flow                 The argument "workspace" declared in pointcut does not exist in method TYPO3\Neos\Controller\Module\User\UserSettingsController->indexAction
14-12-09 16:11:16 29242      NOTICE    Flow                 The argument "workspace" declared in pointcut does not exist in method TYPO3\Neos\Controller\Service\NodeController->indexAction
14-12-09 16:11:16 29242      NOTICE    Flow                 The argument "workspace" declared in pointcut does not exist in method TYPO3\Neos\Controller\Service\NodeController->indexAction
14-12-09 16:11:16 29242      NOTICE    Flow                 The argument "workspace" declared in pointcut does not exist in method TYPO3\Neos\Service\Controller\AssetController->indexAction
14-12-09 16:11:16 29242      NOTICE    Flow                 The argument "workspace" declared in pointcut does not exist in method TYPO3\Neos\Service\Controller\AssetController->indexAction
14-12-09 16:11:16 29242      NOTICE    Flow                 The argument "workspace" declared in pointcut does not exist in method TYPO3\Neos\Service\Controller\UserPreferenceController->indexAction
14-12-09 16:11:16 29242      NOTICE    Flow                 The argument "workspace" declared in pointcut does not exist in method TYPO3\Neos\Service\Controller\UserPreferenceController->indexAction
14-12-09 16:11:16 29242      NOTICE    Flow                 The argument "workspace" declared in pointcut does not exist in method TYPO3\Setup\Controller\SetupController->indexAction
14-12-09 16:11:16 29242      NOTICE    Flow                 The argument "workspace" declared in pointcut does not exist in method TYPO3\Setup\Controller\SetupController->indexAction
14-12-09 16:11:16 29242      NOTICE    Flow                 The argument "workspace" declared in pointcut does not exist in method TYPO3\Setup\ViewHelpers\Widget\Controller\DatabaseSelectorController->indexAction
14-12-09 16:11:16 29242      NOTICE    Flow                 The argument "workspace" declared in pointcut does not exist in method TYPO3\Setup\ViewHelpers\Widget\Controller\DatabaseSelectorController->indexAction
14-12-09 16:11:17 29242      NOTICE    Flow                 The argument "workspace" declared in pointcut does not exist in method TYPO3\TYPO3CR\ViewHelpers\Widget\Controller\PaginateController->indexAction
14-12-09 16:11:17 29242      NOTICE    Flow                 The argument "workspace" declared in pointcut does not exist in method TYPO3\TYPO3CR\ViewHelpers\Widget\Controller\PaginateController->indexAction
14-12-09 16:11:21 29242      INFO      Flow                 Built and froze reflection runtime caches (1065 classes).
14-12-09 16:11:21 29242      NOTICE    Flow                 Unlocked site.
14-12-09 16:11:24 26349      CRITICAL  Flow                 Uncaught exception #1045 in line 36 of /home/gcopin/www/neos/demoneos/Packages/Libraries/doctrine/dbal/lib/Doctrine/DBAL/Driver/PDOConnection.php: SQLSTATE[28000] [1045] Access denied for user 'gcopin'@'localhost' (using password: NO) - See also: 20141209161044270914.txt
14-12-09 16:11:24 26349      CRITICAL  Flow                 Uncaught exception #1045 in line 48 of /home/gcopin/www/neos/demoneos/Data/Temporary/Production/Cache/Code/Flow_Object_Classes/TYPO3_Flow_Persistence_Doctrine_QueryResult.php: The database username / password specified in the configuration seem to be wrong. - See also: 201412091610447aec2a.txt
14-12-09 16:11:57 25409      CRITICAL  Flow                 Uncaught exception #1210858767 in line 539 of /home/gcopin/www/neos/demoneos/Data/Temporary/Production/Cache/Code/Flow_Object_Classes/TYPO3_Flow_Mvc_ActionRequest.php: Invalid argument name (must be a non-empty string). - See also: 201412091611572257c6.txt
14-12-09 16:11:57 23269      CRITICAL  Flow                 Uncaught exception #1210858767 in line 539 of /home/gcopin/www/neos/demoneos/Data/Temporary/Production/Cache/Code/Flow_Object_Classes/TYPO3_Flow_Mvc_ActionRequest.php: Invalid argument name (must be a non-empty string). - See also: 20141209161157497b3c.txt
14-12-09 16:12:00 26531      INFO      Flow                 Session: Started session with id SD6XgAd3rBuymjzsvb55k3oHcjlSHV9l.
14-12-09 16:12:00 26531      INFO      Flow                 Session: Triggered garbage collection but no sessions needed to be removed.
14-12-09 16:12:01 26531      INFO      Flow                 Session: Triggered garbage collection but no sessions needed to be removed.
14-12-09 16:12:24 26901      INFO      Flow                 Session: Changed session id from SD6XgAd3rBuymjzsvb55k3oHcjlSHV9l to K8pdhnlPZTgLMxgAFZeMtqZvv4Jlkelj
14-12-09 16:12:25 26901      INFO      Flow                 Session: Triggered garbage collection but no sessions needed to be removed.
14-12-09 16:12:44 26349      INFO      Flow                 Session: Triggered garbage collection but no sessions needed to be removed.
14-12-09 16:12:49 26349      INFO      Flow                 Session: Triggered garbage collection but no sessions needed to be removed.
14-12-09 16:13:02 26349      INFO      Flow                 Session: Triggered garbage collection but no sessions needed to be removed.
14-12-09 16:13:53 25409      INFO      Flow                 Session: Triggered garbage collection but no sessions needed to be removed.
14-12-09 16:13:54 25409      INFO      Flow                 Session: Triggered garbage collection but no sessions needed to be removed.
14-12-09 16:14:34 25301      INFO      Flow                 Session: Triggered garbage collection but no sessions needed to be removed.
14-12-09 16:14:35 25301      INFO      Flow                 Session: Destroyed session with id K8pdhnlPZTgLMxgAFZeMtqZvv4Jlkelj: Logout through AuthenticationProviderManager
14-12-09 16:14:49 24910      INFO      Flow                 Session: Started session with id Jrqj5LWZQVHksNBzN6mZRBtCPc7RMAqS.
14-12-09 16:14:54 26349      INFO      Flow                 Session: Changed session id from Jrqj5LWZQVHksNBzN6mZRBtCPc7RMAqS to ycvm9GisIsflkHkOkjhF2ec9jrLc0YhG
14-12-09 16:14:54 26349      INFO      Flow                 Session: Triggered garbage collection but no sessions needed to be removed.
14-12-09 16:14:56 26349      INFO      Flow                 Session: Triggered garbage collection but no sessions needed to be removed.
14-12-09 16:15:00 26928      INFO      Flow                 Session: Triggered garbage collection but no sessions needed to be removed.
14-12-09 16:20:52 25301      INFO      Flow                 Session: Triggered garbage collection but no sessions needed to be removed.
14-12-09 16:22:10 23284      INFO      Flow                 Session: Triggered garbage collection but no sessions needed to be removed.
14-12-09 16:22:10 25301      INFO      Flow                 Session: Triggered garbage collection but no sessions needed to be removed.
14-12-09 16:22:11 25301      INFO      Flow                 Session: Triggered garbage collection but no sessions needed to be removed.
14-12-09 16:22:17 24682      INFO      Flow                 Session: Triggered garbage collection but no sessions needed to be removed.
14-12-09 16:22:19 24682      INFO      Flow                 Session: Triggered garbage collection but no sessions needed to be removed.
14-12-09 16:22:27 30749      INFO      Flow                 Session: Triggered garbage collection but no sessions needed to be removed.
14-12-09 16:22:37 26901      INFO      Flow                 Session: Triggered garbage collection but no sessions needed to be removed.
14-12-09 16:22:49 26928      INFO      Flow                 Session: Triggered garbage collection but no sessions needed to be removed.
14-12-09 16:23:25 23284      INFO      Flow                 Session: Triggered garbage collection but no sessions needed to be removed.
14-12-09 16:23:34 24682      INFO      Flow                 Session: Triggered garbage collection but no sessions needed to be removed.
14-12-09 16:23:37 24682      CRITICAL  TYPO3CR              Uncaught exception #1292503468 in line 216 of /home/gcopin/www/neos/demoneos/Data/Temporary/Production/Cache/Code/Flow_Object_Classes/TYPO3_Neos_Service_Controller_NodeController.php: Node with path "unnamed" already exists. - See also: 20141209162337113bd6.txt
14-12-09 16:23:54 25409      INFO      Flow                 Session: Triggered garbage collection but no sessions needed to be removed.
14-12-09 16:24:06 26901      INFO      Flow                 Session: Triggered garbage collection but no sessions needed to be removed.
14-12-09 16:24:46 23269      INFO      Flow                 Session: Triggered garbage collection but no sessions needed to be removed.
14-12-09 16:24:48 25301      INFO      Flow                 Session: Triggered garbage collection but no sessions needed to be removed.
14-12-09 16:24:57 24682      INFO      Flow                 Session: Triggered garbage collection but no sessions needed to be removed.
14-12-09 16:24:58 23284      INFO      Flow                 Session: Triggered garbage collection but no sessions needed to be removed.
14-12-09 16:25:04 30752      INFO      Flow                 Session: Triggered garbage collection but no sessions needed to be removed.
14-12-09 16:29:33 26928      INFO      Flow                 Session: Triggered garbage collection but no sessions needed to be removed.
14-12-09 16:29:56 26901      CRITICAL  Fluid                Uncaught exception #1407060572 in line 480 of /home/gcopin/www/neos/demoneos/Data/Temporary/Production/Cache/Code/Flow_Object_Classes/TYPO3_Fluid_Core_Parser_TemplateParser.php: The ViewHelper "<f:cObject>" could not be resolved.
Based on your spelling, the system would load the class "TYPO3\Fluid\ViewHelpers\CObjectViewHelper", however this class does not exist. - See also: 20141209162955958e07.txt
14-12-09 16:30:24 24910      CRITICAL  Fluid                Uncaught exception #1407060572 in line 480 of /home/gcopin/www/neos/demoneos/Data/Temporary/Production/Cache/Code/Flow_Object_Classes/TYPO3_Fluid_Core_Parser_TemplateParser.php: The ViewHelper "<f:cObject>" could not be resolved.
Based on your spelling, the system would load the class "TYPO3\Fluid\ViewHelpers\CObjectViewHelper", however this class does not exist. - See also: 20141209163023658e68.txt
14-12-09 16:30:37 31267      CRITICAL  Fluid                Uncaught exception #1407060572 in line 480 of /home/gcopin/www/neos/demoneos/Data/Temporary/Production/Cache/Code/Flow_Object_Classes/TYPO3_Fluid_Core_Parser_TemplateParser.php: The ViewHelper "<f:cObject>" could not be resolved.
Based on your spelling, the system would load the class "TYPO3\Fluid\ViewHelpers\CObjectViewHelper", however this class does not exist. - See also: 201412091630370a67bc.txt
14-12-09 16:30:44 26901      INFO      Flow                 Session: Triggered garbage collection but no sessions needed to be removed.
14-12-09 16:30:51 24910      CRITICAL  Fluid                Uncaught exception #1407060572 in line 480 of /home/gcopin/www/neos/demoneos/Data/Temporary/Production/Cache/Code/Flow_Object_Classes/TYPO3_Fluid_Core_Parser_TemplateParser.php: The ViewHelper "<f:cObject>" could not be resolved.
Based on your spelling, the system would load the class "TYPO3\Fluid\ViewHelpers\CObjectViewHelper", however this class does not exist. - See also: 20141209163050401897.txt
14-12-09 16:30:51 24910      INFO      Flow                 Session: Triggered garbage collection but no sessions needed to be removed.
14-12-09 16:30:55 24910      CRITICAL  Fluid                Uncaught exception #1407060572 in line 480 of /home/gcopin/www/neos/demoneos/Data/Temporary/Production/Cache/Code/Flow_Object_Classes/TYPO3_Fluid_Core_Parser_TemplateParser.php: The ViewHelper "<f:cObject>" could not be resolved.
Based on your spelling, the system would load the class "TYPO3\Fluid\ViewHelpers\CObjectViewHelper", however this class does not exist. - See also: 20141209163054f40b7e.txt
14-12-09 16:31:02 25409      CRITICAL  Fluid                Uncaught exception #1407060572 in line 480 of /home/gcopin/www/neos/demoneos/Data/Temporary/Production/Cache/Code/Flow_Object_Classes/TYPO3_Fluid_Core_Parser_TemplateParser.php: The ViewHelper "<f:cObject>" could not be resolved.
Based on your spelling, the system would load the class "TYPO3\Fluid\ViewHelpers\CObjectViewHelper", however this class does not exist. - See also: 201412091631019fb6f2.txt
14-12-09 16:31:05 25409      CRITICAL  Fluid                Uncaught exception #1407060572 in line 480 of /home/gcopin/www/neos/demoneos/Data/Temporary/Production/Cache/Code/Flow_Object_Classes/TYPO3_Fluid_Core_Parser_TemplateParser.php: The ViewHelper "<f:cObject>" could not be resolved.
Based on your spelling, the system would load the class "TYPO3\Fluid\ViewHelpers\CObjectViewHelper", however this class does not exist. - See also: 20141209163105cf25be.txt
14-12-09 16:31:10 25409      CRITICAL  Fluid                Uncaught exception #1407060572 in line 480 of /home/gcopin/www/neos/demoneos/Data/Temporary/Production/Cache/Code/Flow_Object_Classes/TYPO3_Fluid_Core_Parser_TemplateParser.php: The ViewHelper "<f:cObject>" could not be resolved.
Based on your spelling, the system would load the class "TYPO3\Fluid\ViewHelpers\CObjectViewHelper", however this class does not exist. - See also: 201412091631094497e5.txt
14-12-09 16:37:01 31267      CRITICAL  Fluid                Uncaught exception #1407060572 in line 480 of /home/gcopin/www/neos/demoneos/Data/Temporary/Production/Cache/Code/Flow_Object_Classes/TYPO3_Fluid_Core_Parser_TemplateParser.php: The ViewHelper "<f:cObject>" could not be resolved.
Based on your spelling, the system would load the class "TYPO3\Fluid\ViewHelpers\CObjectViewHelper", however this class does not exist. - See also: 20141209163700ae66c7.txt
14-12-09 16:37:01 31267      INFO      Flow                 Session: Triggered garbage collection but no sessions needed to be removed.
14-12-09 16:37:11 30749      CRITICAL  Fluid                Uncaught exception #1407060572 in line 480 of /home/gcopin/www/neos/demoneos/Data/Temporary/Production/Cache/Code/Flow_Object_Classes/TYPO3_Fluid_Core_Parser_TemplateParser.php: The ViewHelper "<f:cObject>" could not be resolved.
Based on your spelling, the system would load the class "TYPO3\Fluid\ViewHelpers\CObjectViewHelper", however this class does not exist. - See also: 2014120916371061d311.txt
14-12-09 16:37:31 31280      INFO      Flow                 Session: Started session with id GFidDLugCL7ndyX1ABRenyEfeX4Q2KPS.
14-12-09 16:37:32 31280      CRITICAL  Fluid                Uncaught exception #1407060572 in line 480 of /home/gcopin/www/neos/demoneos/Data/Temporary/Production/Cache/Code/Flow_Object_Classes/TYPO3_Fluid_Core_Parser_TemplateParser.php: The ViewHelper "<f:cObject>" could not be resolved.
Based on your spelling, the system would load the class "TYPO3\Fluid\ViewHelpers\CObjectViewHelper", however this class does not exist. - See also: 2014120916373275a2e7.txt
14-12-09 16:37:32 31280      INFO      Flow                 Session: Triggered garbage collection but no sessions needed to be removed.
14-12-09 16:38:17 23269      INFO      Flow                 Session: Triggered garbage collection but no sessions needed to be removed.
14-12-09 16:38:17 31282      INFO      Flow                 Session: Triggered garbage collection but no sessions needed to be removed.
14-12-09 16:38:33 31267      INFO      Flow                 Session: Triggered garbage collection but no sessions needed to be removed.
14-12-09 16:38:33 30749      INFO      Flow                 Session: Triggered garbage collection but no sessions needed to be removed.
14-12-09 16:38:54 24910      INFO      Flow                 Session: Triggered garbage collection but no sessions needed to be removed.
14-12-09 16:39:02 31280      CRITICAL  Fluid                Uncaught exception #1407060572 in line 480 of /home/gcopin/www/neos/demoneos/Data/Temporary/Production/Cache/Code/Flow_Object_Classes/TYPO3_Fluid_Core_Parser_TemplateParser.php: The ViewHelper "<f:cObject>" could not be resolved.
Based on your spelling, the system would load the class "TYPO3\Fluid\ViewHelpers\CObjectViewHelper", however this class does not exist. - See also: 2014120916390179548c.txt
14-12-09 16:39:02 31280      INFO      Flow                 Session: Triggered garbage collection but no sessions needed to be removed.
14-12-09 16:39:24 31282      CRITICAL  Fluid                Uncaught exception #1407060572 in line 480 of /home/gcopin/www/neos/demoneos/Data/Temporary/Production/Cache/Code/Flow_Object_Classes/TYPO3_Fluid_Core_Parser_TemplateParser.php: The ViewHelper "<f:cObject>" could not be resolved.
Based on your spelling, the system would load the class "TYPO3\Fluid\ViewHelpers\CObjectViewHelper", however this class does not exist. - See also: 20141209163923dab02e.txt
14-12-09 16:39:37 25409      CRITICAL  Fluid                Uncaught exception #1407060572 in line 480 of /home/gcopin/www/neos/demoneos/Data/Temporary/Production/Cache/Code/Flow_Object_Classes/TYPO3_Fluid_Core_Parser_TemplateParser.php: The ViewHelper "<f:cObject>" could not be resolved.
Based on your spelling, the system would load the class "TYPO3\Fluid\ViewHelpers\CObjectViewHelper", however this class does not exist. - See also: 2014120916393770b639.txt
14-12-09 16:39:42 25409      CRITICAL  Fluid                Uncaught exception #1407060572 in line 480 of /home/gcopin/www/neos/demoneos/Data/Temporary/Production/Cache/Code/Flow_Object_Classes/TYPO3_Fluid_Core_Parser_TemplateParser.php: The ViewHelper "<f:cObject>" could not be resolved.
Based on your spelling, the system would load the class "TYPO3\Fluid\ViewHelpers\CObjectViewHelper", however this class does not exist. - See also: 2014120916394199b674.txt
14-12-09 16:39:47 25409      INFO      Flow                 Session: Triggered garbage collection but no sessions needed to be removed.
14-12-09 16:39:48 25409      CRITICAL  Fluid                Uncaught exception #1407060572 in line 480 of /home/gcopin/www/neos/demoneos/Data/Temporary/Production/Cache/Code/Flow_Object_Classes/TYPO3_Fluid_Core_Parser_TemplateParser.php: The ViewHelper "<f:cObject>" could not be resolved.
Based on your spelling, the system would load the class "TYPO3\Fluid\ViewHelpers\CObjectViewHelper", however this class does not exist. - See also: 20141209163947adc0ea.txt
14-12-09 16:40:00 31267      CRITICAL  Fluid                Uncaught exception #1407060572 in line 480 of /home/gcopin/www/neos/demoneos/Data/Temporary/Production/Cache/Code/Flow_Object_Classes/TYPO3_Fluid_Core_Parser_TemplateParser.php: The ViewHelper "<f:cObject>" could not be resolved.
Based on your spelling, the system would load the class "TYPO3\Fluid\ViewHelpers\CObjectViewHelper", however this class does not exist. - See also: 20141209163959ae7ea1.txt
14-12-09 16:40:00 31267      INFO      Flow                 Session: Triggered garbage collection but no sessions needed to be removed.
14-12-09 16:40:06 26901      CRITICAL  Fluid                Uncaught exception #1407060572 in line 480 of /home/gcopin/www/neos/demoneos/Data/Temporary/Production/Cache/Code/Flow_Object_Classes/TYPO3_Fluid_Core_Parser_TemplateParser.php: The ViewHelper "<f:cObject>" could not be resolved.
Based on your spelling, the system would load the class "TYPO3\Fluid\ViewHelpers\CObjectViewHelper", however this class does not exist. - See also: 201412091640057a5b02.txt
14-12-09 16:40:06 26901      INFO      Flow                 Session: Triggered garbage collection but no sessions needed to be removed.
14-12-09 16:40:10 26901      CRITICAL  Fluid                Uncaught exception #1407060572 in line 480 of /home/gcopin/www/neos/demoneos/Data/Temporary/Production/Cache/Code/Flow_Object_Classes/TYPO3_Fluid_Core_Parser_TemplateParser.php: The ViewHelper "<f:cObject>" could not be resolved.
Based on your spelling, the system would load the class "TYPO3\Fluid\ViewHelpers\CObjectViewHelper", however this class does not exist. - See also: 20141209164009efb522.txt
14-12-09 16:40:13 30749      INFO      Flow                 Session: Triggered garbage collection but no sessions needed to be removed.
14-12-09 16:40:13 26901      INFO      Flow                 Session: Triggered garbage collection but no sessions needed to be removed.
14-12-09 16:40:14 30749      CRITICAL  Fluid                Uncaught exception #1407060572 in line 480 of /home/gcopin/www/neos/demoneos/Data/Temporary/Production/Cache/Code/Flow_Object_Classes/TYPO3_Fluid_Core_Parser_TemplateParser.php: The ViewHelper "<f:cObject>" could not be resolved.
Based on your spelling, the system would load the class "TYPO3\Fluid\ViewHelpers\CObjectViewHelper", however this class does not exist. - See also: 201412091640142bfdbc.txt
14-12-09 16:40:14 30749      INFO      Flow                 Session: Triggered garbage collection but no sessions needed to be removed.
14-12-09 16:40:52 31334      INFO      Flow                 Session: Triggered garbage collection but no sessions needed to be removed.
14-12-09 16:40:52 31282      INFO      Flow                 Session: Triggered garbage collection but no sessions needed to be removed.
14-12-09 16:41:27 24910      INFO      Flow                 Session: Triggered garbage collection but no sessions needed to be removed.
14-12-09 16:41:31 24910      INFO      Flow                 Session: Triggered garbage collection but no sessions needed to be removed.
14-12-09 16:41:36 30749      INFO      Flow                 Session: Triggered garbage collection but no sessions needed to be removed.
14-12-09 16:41:36 24910      INFO      Flow                 Session: Triggered garbage collection but no sessions needed to be removed.
14-12-09 16:42:36 25409      INFO      Flow                 Session: Triggered garbage collection but no sessions needed to be removed.
14-12-09 16:42:36 31280      INFO      Flow                 Session: Triggered garbage collection but no sessions needed to be removed.
14-12-09 16:42:58 31334      INFO      Flow                 Session: Triggered garbage collection but no sessions needed to be removed.
14-12-09 16:43:01 23269      INFO      Flow                 Session: Triggered garbage collection but no sessions needed to be removed.
14-12-09 16:45:23 31334      INFO      Flow                 Session: Triggered garbage collection but no sessions needed to be removed.
14-12-09 16:45:42 31267      INFO      Flow                 Session: Triggered garbage collection but no sessions needed to be removed.
14-12-09 16:45:52 24910      INFO      Flow                 Session: Triggered garbage collection but no sessions needed to be removed.
14-12-09 16:46:02 23269      INFO      Flow                 Session: Triggered garbage collection but no sessions needed to be removed.
14-12-09 16:46:28 31267      INFO      Flow                 Session: Triggered garbage collection but no sessions needed to be removed.
14-12-09 16:47:47 24910      INFO      Flow                 Session: Triggered garbage collection but no sessions needed to be removed.
14-12-09 16:59:04 31267      INFO      Flow                 Session: Triggered garbage collection but no sessions needed to be removed.
14-12-09 16:59:07 31267      INFO      Flow                 Session: Triggered garbage collection but no sessions needed to be removed.
14-12-09 16:59:11 31267      INFO      Flow                 Session: Triggered garbage collection but no sessions needed to be removed.
14-12-09 16:59:42 26928      CRITICAL  TypoScript           Uncaught exception #1332493990 in line 197 of /home/gcopin/www/neos/demoneos/Data/Temporary/Production/Cache/Code/Flow_Object_Classes/TYPO3_TypoScript_Core_Runtime.php: No "default" TypoScript object found. Please make sure to define one in your TypoScript configuration. - See also: 20141209165941d89156.txt
14-12-09 17:00:54 31280      CRITICAL  TypoScript           Uncaught exception #1332493990 in line 197 of /home/gcopin/www/neos/demoneos/Data/Temporary/Production/Cache/Code/Flow_Object_Classes/TYPO3_TypoScript_Core_Runtime.php: No "default" TypoScript object found. Please make sure to define one in your TypoScript configuration. - See also: 2014120917005347f2be.txt
14-12-09 17:01:00 26901      CRITICAL  TypoScript           Uncaught exception #1332493990 in line 197 of /home/gcopin/www/neos/demoneos/Data/Temporary/Production/Cache/Code/Flow_Object_Classes/TYPO3_TypoScript_Core_Runtime.php: No "default" TypoScript object found. Please make sure to define one in your TypoScript configuration. - See also: 201412091700598f6f5e.txt
14-12-09 17:01:24 31280      INFO      Flow                 Session: Started session with id dzUCt5z3ldex6rnsVG1XAE4ye9e7jSbn.
14-12-09 17:01:24 31280      INFO      Flow                 Session: Triggered garbage collection but no sessions needed to be removed.
14-12-09 17:01:25 31280      CRITICAL  TypoScript           Uncaught exception #1332493990 in line 197 of /home/gcopin/www/neos/demoneos/Data/Temporary/Production/Cache/Code/Flow_Object_Classes/TYPO3_TypoScript_Core_Runtime.php: No "default" TypoScript object found. Please make sure to define one in your TypoScript configuration. - See also: 20141209170125fb7217.txt
14-12-09 17:01:35 25409      CRITICAL  TypoScript           Uncaught exception #1332493990 in line 197 of /home/gcopin/www/neos/demoneos/Data/Temporary/Production/Cache/Code/Flow_Object_Classes/TYPO3_TypoScript_Core_Runtime.php: No "default" TypoScript object found. Please make sure to define one in your TypoScript configuration. - See also: 201412091701354c6419.txt
14-12-09 17:01:42 690        CRITICAL  TypoScript           Uncaught exception #1332493990 in line 197 of /home/gcopin/www/neos/demoneos/Data/Temporary/Production/Cache/Code/Flow_Object_Classes/TYPO3_TypoScript_Core_Runtime.php: No "default" TypoScript object found. Please make sure to define one in your TypoScript configuration. - See also: 201412091701414e9907.txt
14-12-09 17:01:56 30749      CRITICAL  TypoScript           Uncaught exception #1332493990 in line 197 of /home/gcopin/www/neos/demoneos/Data/Temporary/Production/Cache/Code/Flow_Object_Classes/TYPO3_TypoScript_Core_Runtime.php: No "default" TypoScript object found. Please make sure to define one in your TypoScript configuration. - See also: 20141209170155c7237c.txt
14-12-09 17:04:40 25409      CRITICAL  TypoScript           Uncaught exception #1332493990 in line 197 of /home/gcopin/www/neos/demoneos/Data/Temporary/Production/Cache/Code/Flow_Object_Classes/TYPO3_TypoScript_Core_Runtime.php: No "default" TypoScript object found. Please make sure to define one in your TypoScript configuration. - See also: 20141209170440b82f7c.txt
14-12-09 17:04:40 25409      INFO      Flow                 Session: Triggered garbage collection but no sessions needed to be removed.
14-12-09 17:06:56 25409      CRITICAL  TypoScript           Uncaught exception #1332493990 in line 197 of /home/gcopin/www/neos/demoneos/Data/Temporary/Production/Cache/Code/Flow_Object_Classes/TYPO3_TypoScript_Core_Runtime.php: No "default" TypoScript object found. Please make sure to define one in your TypoScript configuration. - See also: 20141209170655ffee90.txt
14-12-09 17:07:10 31334      INFO      Flow                 Session: Started session with id klcZgsnQfW7cPEhFRNawLGb078AQNNCN.
14-12-09 17:07:10 31334      INFO      Flow                 Session: Triggered garbage collection but no sessions needed to be removed.
14-12-09 17:07:11 31334      CRITICAL  TypoScript           Uncaught exception #1332493990 in line 197 of /home/gcopin/www/neos/demoneos/Data/Temporary/Production/Cache/Code/Flow_Object_Classes/TYPO3_TypoScript_Core_Runtime.php: No "default" TypoScript object found. Please make sure to define one in your TypoScript configuration. - See also: 20141209170711837103.txt
14-12-09 17:07:25 26901      CRITICAL  TypoScript           Uncaught exception #1332493990 in line 197 of /home/gcopin/www/neos/demoneos/Data/Temporary/Production/Cache/Code/Flow_Object_Classes/TYPO3_TypoScript_Core_Runtime.php: No "default" TypoScript object found. Please make sure to define one in your TypoScript configuration. - See also: 2014120917072538c41d.txt
14-12-09 17:08:19 31280      CRITICAL  TypoScript           Uncaught exception #1332493990 in line 197 of /home/gcopin/www/neos/demoneos/Data/Temporary/Production/Cache/Code/Flow_Object_Classes/TYPO3_TypoScript_Core_Runtime.php: No "default" TypoScript object found. Please make sure to define one in your TypoScript configuration. - See also: 20141209170819d8c0c4.txt
14-12-09 17:08:33 1106       CRITICAL  TypoScript           Uncaught exception #1332493990 in line 197 of /home/gcopin/www/neos/demoneos/Data/Temporary/Production/Cache/Code/Flow_Object_Classes/TYPO3_TypoScript_Core_Runtime.php: No "default" TypoScript object found. Please make sure to define one in your TypoScript configuration. - See also: 20141209170832167b5c.txt
14-12-09 17:08:41 1155       CRITICAL  TypoScript           Uncaught exception #1332493990 in line 197 of /home/gcopin/www/neos/demoneos/Data/Temporary/Production/Cache/Code/Flow_Object_Classes/TYPO3_TypoScript_Core_Runtime.php: No "default" TypoScript object found. Please make sure to define one in your TypoScript configuration. - See also: 20141209170841142b73.txt
14-12-09 17:08:54 690        INFO      Flow                 Session: Started session with id XTsZNbHCWzyVYy8QQ28phQLzmUYxdW20.
14-12-09 17:08:54 690        CRITICAL  TypoScript           Uncaught exception #1332493990 in line 197 of /home/gcopin/www/neos/demoneos/Data/Temporary/Production/Cache/Code/Flow_Object_Classes/TYPO3_TypoScript_Core_Runtime.php: No "default" TypoScript object found. Please make sure to define one in your TypoScript configuration. - See also: 201412091708547df1b5.txt
14-12-09 17:09:04 31334      CRITICAL  TypoScript           Uncaught exception #1332493990 in line 197 of /home/gcopin/www/neos/demoneos/Data/Temporary/Production/Cache/Code/Flow_Object_Classes/TYPO3_TypoScript_Core_Runtime.php: No "default" TypoScript object found. Please make sure to define one in your TypoScript configuration. - See also: 20141209170903bf9d1e.txt
14-12-09 17:09:04 31334      INFO      Flow                 Session: Triggered garbage collection but no sessions needed to be removed.
14-12-09 17:09:05 31334      CRITICAL  TypoScript           Uncaught exception #1332493990 in line 197 of /home/gcopin/www/neos/demoneos/Data/Temporary/Production/Cache/Code/Flow_Object_Classes/TYPO3_TypoScript_Core_Runtime.php: No "default" TypoScript object found. Please make sure to define one in your TypoScript configuration. - See also: 20141209170905fe1e32.txt
14-12-09 17:09:05 31334      INFO      Flow                 Session: Triggered garbage collection but no sessions needed to be removed.
14-12-09 17:09:06 31334      CRITICAL  TypoScript           Uncaught exception #1332493990 in line 197 of /home/gcopin/www/neos/demoneos/Data/Temporary/Production/Cache/Code/Flow_Object_Classes/TYPO3_TypoScript_Core_Runtime.php: No "default" TypoScript object found. Please make sure to define one in your TypoScript configuration. - See also: 20141209170905ee3c54.txt
14-12-09 17:09:10 31334      CRITICAL  TypoScript           Uncaught exception #1332493990 in line 197 of /home/gcopin/www/neos/demoneos/Data/Temporary/Production/Cache/Code/Flow_Object_Classes/TYPO3_TypoScript_Core_Runtime.php: No "default" TypoScript object found. Please make sure to define one in your TypoScript configuration. - See also: 201412091709100c2b25.txt
14-12-09 17:09:19 31334      INFO      Flow                 Session: Started session with id wHs8tZjlejcjaY3xA1NHAzWk8fXIdQlg.
14-12-09 17:09:20 31334      CRITICAL  TypoScript           Uncaught exception #1332493990 in line 197 of /home/gcopin/www/neos/demoneos/Data/Temporary/Production/Cache/Code/Flow_Object_Classes/TYPO3_TypoScript_Core_Runtime.php: No "default" TypoScript object found. Please make sure to define one in your TypoScript configuration. - See also: 20141209170920ee0dc0.txt
14-12-09 17:09:20 31334      INFO      Flow                 Session: Triggered garbage collection but no sessions needed to be removed.
14-12-09 17:10:17 30749      CRITICAL  TypoScript           Uncaught exception #1332493990 in line 197 of /home/gcopin/www/neos/demoneos/Data/Temporary/Production/Cache/Code/Flow_Object_Classes/TYPO3_TypoScript_Core_Runtime.php: No "default" TypoScript object found. Please make sure to define one in your TypoScript configuration. - See also: 20141209171016a61d0b.txt
14-12-09 17:10:17 30749      INFO      Flow                 Session: Triggered garbage collection but no sessions needed to be removed.
14-12-09 17:12:47 30749      CRITICAL  Flow                 Uncaught exception #1210858767 in line 539 of /home/gcopin/www/neos/demoneos/Data/Temporary/Production/Cache/Code/Flow_Object_Classes/TYPO3_Flow_Mvc_ActionRequest.php: Invalid argument name (must be a non-empty string). - See also: 2014120917124638c9b8.txt
14-12-09 17:12:47 25409      CRITICAL  Flow                 Uncaught exception #1210858767 in line 539 of /home/gcopin/www/neos/demoneos/Data/Temporary/Production/Cache/Code/Flow_Object_Classes/TYPO3_Flow_Mvc_ActionRequest.php: Invalid argument name (must be a non-empty string). - See also: 20141209171246884136.txt
14-12-09 17:12:50 26901      INFO      Flow                 Session: Triggered garbage collection but no sessions needed to be removed.
14-12-09 17:13:39 1461       INFO      Flow                 Session: Changed session id from wHs8tZjlejcjaY3xA1NHAzWk8fXIdQlg to f3rv3Jec08qNNK4dhH9JGssCsD5fx0nv
14-12-09 17:14:17 1541       INFO      Flow                 Session: Triggered garbage collection but no sessions needed to be removed.
14-12-09 17:14:18 1541       CRITICAL  TypoScript           Uncaught exception #1332493990 in line 197 of /home/gcopin/www/neos/demoneos/Data/Temporary/Production/Cache/Code/Flow_Object_Classes/TYPO3_TypoScript_Core_Runtime.php: No "default" TypoScript object found. Please make sure to define one in your TypoScript configuration. - See also: 2014120917141791194e.txt
14-12-09 17:14:19 1541       CRITICAL  TypoScript           Uncaught exception #1332493990 in line 197 of /home/gcopin/www/neos/demoneos/Data/Temporary/Production/Cache/Code/Flow_Object_Classes/TYPO3_TypoScript_Core_Runtime.php: No "default" TypoScript object found. Please make sure to define one in your TypoScript configuration. - See also: 201412091714183ff7e4.txt
14-12-09 17:14:25 30749      INFO      Flow                 Session: Triggered garbage collection but no sessions needed to be removed.
14-12-09 17:14:38 690        INFO      Flow                 Session: Triggered garbage collection but no sessions needed to be removed.
14-12-09 17:14:38 809        CRITICAL  TypoScript           Uncaught exception #1332493990 in line 197 of /home/gcopin/www/neos/demoneos/Data/Temporary/Production/Cache/Code/Flow_Object_Classes/TYPO3_TypoScript_Core_Runtime.php: No "default" TypoScript object found. Please make sure to define one in your TypoScript configuration. - See also: 20141209171437471c58.txt
14-12-09 17:14:38 690        CRITICAL  TypoScript           Uncaught exception #1332493990 in line 197 of /home/gcopin/www/neos/demoneos/Data/Temporary/Production/Cache/Code/Flow_Object_Classes/TYPO3_TypoScript_Core_Runtime.php: No "default" TypoScript object found. Please make sure to define one in your TypoScript configuration. - See also: 201412091714380042ba.txt
14-12-09 17:14:54 26901      INFO      Flow                 Session: Started session with id n4Ajqux9axrkpkXJetqfpCZXUkt8m19u.
14-12-09 17:14:54 26901      INFO      Flow                 Session: Triggered garbage collection but no sessions needed to be removed.
14-12-09 17:14:55 26901      CRITICAL  TypoScript           Uncaught exception #1332493990 in line 197 of /home/gcopin/www/neos/demoneos/Data/Temporary/Production/Cache/Code/Flow_Object_Classes/TYPO3_TypoScript_Core_Runtime.php: No "default" TypoScript object found. Please make sure to define one in your TypoScript configuration. - See also: 20141209171454b4c605.txt
14-12-09 17:14:55 26901      INFO      Flow                 Session: Triggered garbage collection but no sessions needed to be removed.
14-12-09 17:15:52 31334      CRITICAL  TypoScript           Uncaught exception #1332493990 in line 197 of /home/gcopin/www/neos/demoneos/Data/Temporary/Production/Cache/Code/Flow_Object_Classes/TYPO3_TypoScript_Core_Runtime.php: No "default" TypoScript object found. Please make sure to define one in your TypoScript configuration. - See also: 20141209171552b7387e.txt
14-12-10 08:23:21 7287       INFO      Flow                 Session: Started session with id bmkcG1xtKSDQ2Nc2enMFs1turR0f5wC7.
14-12-10 08:23:21 7287       INFO      Flow                 Session: Triggered garbage collection and removed 7 expired sessions.
14-12-10 08:23:21 7398       INFO      Flow                 Session: Started session with id iklc1KBLdKCn4E2FOvwdjFsck7CO8nXO.
14-12-10 08:23:21 7398       INFO      Flow                 Session: Triggered garbage collection but no sessions needed to be removed.
14-12-10 08:23:28 7402       INFO      Flow                 Session: Changed session id from iklc1KBLdKCn4E2FOvwdjFsck7CO8nXO to 3wyhcBMsDp1Wd9MHg08CzYXyJ7anHWgU
14-12-10 08:23:29 7402       CRITICAL  TypoScript           Uncaught exception #1332493990 in line 197 of /home/gcopin/www/neos/demoneos/Data/Temporary/Production/Cache/Code/Flow_Object_Classes/TYPO3_TypoScript_Core_Runtime.php: No "default" TypoScript object found. Please make sure to define one in your TypoScript configuration. - See also: 20141210082328eaf8c3.txt
14-12-15 16:41:30 12865      INFO      Flow                 Session: Started session with id wrcbG2vHK8eOAvlS9YrYXhfrh2RZUiFw.
14-12-15 16:41:31 12850      INFO      Flow                 Session: Started session with id gqfGvCQx50HzuJjt6GvJUjTnzX73e3LQ.
14-12-15 16:41:31 12850      INFO      Flow                 Session: Triggered garbage collection and removed 2 expired sessions.
14-12-15 16:41:31 12865      WARNING   Flow                 Session: Ommitting garbage collection because another process is already running. Consider lowering the GC propability if these messages appear a lot.
14-12-15 16:41:31 12850      INFO      Flow                 Session: Triggered garbage collection but no sessions needed to be removed.
14-12-15 16:41:37 12782      INFO      Flow                 Session: Changed session id from gqfGvCQx50HzuJjt6GvJUjTnzX73e3LQ to 4icp29mYaQQlZwStge0LMHVSYHPavkHM
14-12-15 16:41:38 12782      INFO      Flow                 Session: Triggered garbage collection but no sessions needed to be removed.
14-12-15 16:41:39 12782      CRITICAL  TypoScript           Uncaught exception #1332493990 in line 197 of /home/gcopin/www/neos/demoneos/Data/Temporary/Production/Cache/Code/Flow_Object_Classes/TYPO3_TypoScript_Core_Runtime.php: No "default" TypoScript object found. Please make sure to define one in your TypoScript configuration. - See also: 20141215164138a57db5.txt
14-12-15 16:45:44 12812      CRITICAL  TypoScript           Uncaught exception #1332493990 in line 197 of /home/gcopin/www/neos/demoneos/Data/Temporary/Production/Cache/Code/Flow_Object_Classes/TYPO3_TypoScript_Core_Runtime.php: No "default" TypoScript object found. Please make sure to define one in your TypoScript configuration. - See also: 2014121516454329ceca.txt
14-12-15 16:46:22 12713      CRITICAL  TypoScript           Uncaught exception #1332493990 in line 197 of /home/gcopin/www/neos/demoneos/Data/Temporary/Production/Cache/Code/Flow_Object_Classes/TYPO3_TypoScript_Core_Runtime.php: No "default" TypoScript object found. Please make sure to define one in your TypoScript configuration. - See also: 201412151646214bd398.txt
14-12-15 16:46:47 12736      CRITICAL  TypoScript           Uncaught exception #1332493990 in line 197 of /home/gcopin/www/neos/demoneos/Data/Temporary/Production/Cache/Code/Flow_Object_Classes/TYPO3_TypoScript_Core_Runtime.php: No "default" TypoScript object found. Please make sure to define one in your TypoScript configuration. - See also: 20141215164647572e8c.txt
14-12-15 16:46:59 12863      CRITICAL  TypoScript           Uncaught exception #1332493990 in line 197 of /home/gcopin/www/neos/demoneos/Data/Temporary/Production/Cache/Code/Flow_Object_Classes/TYPO3_TypoScript_Core_Runtime.php: No "default" TypoScript object found. Please make sure to define one in your TypoScript configuration. - See also: 20141215164658bdd2da.txt
14-12-15 16:47:59 12864      CRITICAL  TypoScript           Uncaught exception #1332493990 in line 197 of /home/gcopin/www/neos/demoneos/Data/Temporary/Production/Cache/Code/Flow_Object_Classes/TYPO3_TypoScript_Core_Runtime.php: No "default" TypoScript object found. Please make sure to define one in your TypoScript configuration. - See also: 20141215164759b864c8.txt
14-12-15 16:47:59 12864      INFO      Flow                 Session: Triggered garbage collection but no sessions needed to be removed.
14-12-15 16:48:31 12847      CRITICAL  TypoScript           Uncaught exception #1332493990 in line 197 of /home/gcopin/www/neos/demoneos/Data/Temporary/Production/Cache/Code/Flow_Object_Classes/TYPO3_TypoScript_Core_Runtime.php: No "default" TypoScript object found. Please make sure to define one in your TypoScript configuration. - See also: 20141215164830bc678a.txt
14-12-15 16:57:47 12865      CRITICAL  TypoScript           Uncaught exception #1332493990 in line 197 of /home/gcopin/www/neos/demoneos/Data/Temporary/Production/Cache/Code/Flow_Object_Classes/TYPO3_TypoScript_Core_Runtime.php: No "default" TypoScript object found. Please make sure to define one in your TypoScript configuration. - See also: 2014121516574726c550.txt
14-12-15 16:57:53 12850      CRITICAL  TypoScript           Uncaught exception #1332493990 in line 197 of /home/gcopin/www/neos/demoneos/Data/Temporary/Production/Cache/Code/Flow_Object_Classes/TYPO3_TypoScript_Core_Runtime.php: No "default" TypoScript object found. Please make sure to define one in your TypoScript configuration. - See also: 20141215165753839835.txt
14-12-15 17:00:39 12782      CRITICAL  TypoScript           Uncaught exception #1332493990 in line 197 of /home/gcopin/www/neos/demoneos/Data/Temporary/Production/Cache/Code/Flow_Object_Classes/TYPO3_TypoScript_Core_Runtime.php: No "default" TypoScript object found. Please make sure to define one in your TypoScript configuration. - See also: 201412151700386477df.txt
14-12-15 17:00:45 12782      CRITICAL  TypoScript           Uncaught exception #1332493990 in line 197 of /home/gcopin/www/neos/demoneos/Data/Temporary/Production/Cache/Code/Flow_Object_Classes/TYPO3_TypoScript_Core_Runtime.php: No "default" TypoScript object found. Please make sure to define one in your TypoScript configuration. - See also: 2014121517004442ca60.txt
14-12-15 17:01:33 12812      CRITICAL  TypoScript           Uncaught exception #1332493990 in line 197 of /home/gcopin/www/neos/demoneos/Data/Temporary/Production/Cache/Code/Flow_Object_Classes/TYPO3_TypoScript_Core_Runtime.php: No "default" TypoScript object found. Please make sure to define one in your TypoScript configuration. - See also: 20141215170132ecc5ae.txt
14-12-15 17:01:38 12812      CRITICAL  TypoScript           Uncaught exception #1332493990 in line 197 of /home/gcopin/www/neos/demoneos/Data/Temporary/Production/Cache/Code/Flow_Object_Classes/TYPO3_TypoScript_Core_Runtime.php: No "default" TypoScript object found. Please make sure to define one in your TypoScript configuration. - See also: 2014121517013721be3f.txt
14-12-15 17:04:18 12713      CRITICAL  TypoScript           Uncaught exception #1332493990 in line 197 of /home/gcopin/www/neos/demoneos/Data/Temporary/Production/Cache/Code/Flow_Object_Classes/TYPO3_TypoScript_Core_Runtime.php: No "default" TypoScript object found. Please make sure to define one in your TypoScript configuration. - See also: 2014121517041707c2cc.txt
14-12-15 17:04:18 12713      INFO      Flow                 Session: Triggered garbage collection but no sessions needed to be removed.
14-12-15 17:06:05 12713      CRITICAL  Flow                 Uncaught exception #1297759968: Exception while property mapping for target type "TYPO3\TYPO3CR\Domain\Model\Node", at property path "": An exception occurred while executing 'SELECT t0.persistence_object_identifier AS persistence_object_identifier1, t0.accountidentifier AS accountidentifier2, t0.authenticationprovidername AS authenticationprovidername3, t0.credentialssource AS credentialssource4, t0.creationdate AS creationdate5, t0.expirationdate AS expirationdate6, t0.party AS party7 FROM typo3_flow_security_account t0 WHERE t0.persistence_object_identifier = ?' with params ["c2627c97-b16c-2f99-b0a7-509988c874f7"]:

SQLSTATE[42S02]: Base table or view not found: 1146 Table 'local_neos_demoneos.typo3_flow_security_account' doesn't exist - See also: 20141215170605797ab2.txt
    previousException => Uncaught exception in line 649 of /home/gcopin/www/neos/demoneos/Packages/Libraries/doctrine/dbal/lib/Doctrine/DBAL/Connection.php: An exception occurred while executing 'SELECT t0.persistence_object_identifier AS persistence_object_identifier1, t0.accountidentifier AS accountidentifier2, t0.authenticationprovidername AS authenticationprovidername3, t0.credentialssource AS credentialssource4, t0.creationdate AS creationdate5, t0.expirationdate AS expirationdate6, t0.party AS party7 FROM typo3_flow_security_account t0 WHERE t0.persistence_object_identifier = ?' with params ["c2627c97-b16c-2f99-b0a7-509988c874f7"]:

SQLSTATE[42S02]: Base table or view not found: 1146 Table 'local_neos_demoneos.typo3_flow_security_account' doesn't exist

14-12-15 17:06:12 12847      CRITICAL  Flow                 Uncaught exception #1210858767 in line 539 of /home/gcopin/www/neos/demoneos/Data/Temporary/Production/Cache/Code/Flow_Object_Classes/TYPO3_Flow_Mvc_ActionRequest.php: Invalid argument name (must be a non-empty string). - See also: 20141215170611a9d18b.txt
14-12-15 17:06:12 12865      CRITICAL  Flow                 Uncaught exception #1210858767 in line 539 of /home/gcopin/www/neos/demoneos/Data/Temporary/Production/Cache/Code/Flow_Object_Classes/TYPO3_Flow_Mvc_ActionRequest.php: Invalid argument name (must be a non-empty string). - See also: 20141215170611f0e7a9.txt
14-12-15 17:06:47 12782      INFO      Flow                 Session: Changed session id from 4icp29mYaQQlZwStge0LMHVSYHPavkHM to cWztRGu4IfTo4Q8BXifUA7KlJHeeghpW
14-12-15 17:06:51 12782      INFO      Flow                 Session: Triggered garbage collection but no sessions needed to be removed.
14-12-15 17:09:21 12713      INFO      Flow                 Session: Triggered garbage collection but no sessions needed to be removed.
14-12-15 17:10:35 12865      INFO      Flow                 Session: Triggered garbage collection but no sessions needed to be removed.
14-12-15 17:10:47 12847      CRITICAL  Neos                 Uncaught exception #1346759486 in line 152 of /home/gcopin/www/neos/demoneos/Data/Temporary/Production/Cache/Code/Flow_Object_Classes/TYPO3_Neos_Setup_Step_SiteImportStep.php: The package key "Inouit.Carvin" already exists. - See also: 2014121517104775be5a.txt
14-12-15 17:11:06 12782      INFO      Flow                 Session: Destroyed session with id cWztRGu4IfTo4Q8BXifUA7KlJHeeghpW: Logout through AuthenticationProviderManager
14-12-15 17:11:15 12782      INFO      Flow                 Session: Started session with id GzmQrb9Oyr4AYdkfsRcVR5aMVZdaW9Yr.
14-12-15 17:11:15 12782      INFO      Flow                 Session: Triggered garbage collection but no sessions needed to be removed.
14-12-15 17:11:20 12782      INFO      Flow                 Session: Changed session id from GzmQrb9Oyr4AYdkfsRcVR5aMVZdaW9Yr to xt1JmydPMaCSySZO4CPz66VIpUPJeXrC
14-12-15 17:11:25 12812      INFO      Flow                 Session: Triggered garbage collection but no sessions needed to be removed.
14-12-15 17:11:26 12782      INFO      Flow                 Session: Triggered garbage collection but no sessions needed to be removed.
14-12-15 17:13:15 12847      INFO      Flow                 Session: Triggered garbage collection but no sessions needed to be removed.
14-12-15 17:13:16 12713      INFO      Flow                 Session: Triggered garbage collection but no sessions needed to be removed.
14-12-15 17:13:17 12713      INFO      Flow                 Session: Triggered garbage collection but no sessions needed to be removed.
14-12-15 17:13:29 12812      INFO      Flow                 Session: Triggered garbage collection but no sessions needed to be removed.
14-12-15 17:13:31 12782      INFO      Flow                 Session: Triggered garbage collection but no sessions needed to be removed.
14-12-15 17:13:31 12782      INFO      Flow                 Session: Triggered garbage collection but no sessions needed to be removed.
14-12-15 17:13:33 12812      INFO      Flow                 Session: Triggered garbage collection but no sessions needed to be removed.
14-12-15 17:13:41 12850      INFO      Flow                 Session: Triggered garbage collection but no sessions needed to be removed.
14-12-15 17:13:55 11972      INFO      Flow                 Session: Triggered garbage collection but no sessions needed to be removed.
14-12-15 17:14:08 12863      INFO      Flow                 Session: Triggered garbage collection but no sessions needed to be removed.
14-12-15 17:14:09 12863      INFO      Flow                 Session: Triggered garbage collection but no sessions needed to be removed.
14-12-15 17:14:10 12736      INFO      Flow                 Session: Triggered garbage collection but no sessions needed to be removed.
14-12-15 17:14:27 12847      INFO      Flow                 Session: Triggered garbage collection but no sessions needed to be removed.
14-12-15 17:15:06 15158      INFO      Flow                 Session: Triggered garbage collection but no sessions needed to be removed.
14-12-15 17:16:39 12782      INFO      Flow                 Session: Triggered garbage collection but no sessions needed to be removed.
14-12-15 17:16:39 12782      INFO      Flow                 Session: Triggered garbage collection but no sessions needed to be removed.
14-12-15 17:16:46 12850      INFO      Flow                 Session: Triggered garbage collection but no sessions needed to be removed.
14-12-15 17:16:47 12850      INFO      Flow                 Session: Triggered garbage collection but no sessions needed to be removed.
14-12-15 17:16:50 12850      INFO      Flow                 Session: Triggered garbage collection but no sessions needed to be removed.
14-12-15 17:19:15 12713      INFO      Flow                 Session: Triggered garbage collection but no sessions needed to be removed.
14-12-15 17:19:17 12713      INFO      Flow                 Session: Triggered garbage collection but no sessions needed to be removed.
14-12-15 17:19:28 12847      INFO      Flow                 Session: Triggered garbage collection but no sessions needed to be removed.
14-12-15 17:19:28 12847      INFO      Flow                 Session: Triggered garbage collection but no sessions needed to be removed.
14-12-15 17:19:51 12782      INFO      Flow                 Session: Triggered garbage collection but no sessions needed to be removed.
14-12-15 17:19:58 12782      INFO      Flow                 Session: Triggered garbage collection but no sessions needed to be removed.
